<?xml version="1.0" encoding="UTF-8"?>
<testsuite xmlns:xsi="http://www.w3.org/2001/XMLSchema-instance" xsi:noNamespaceSchemaLocation="https://maven.apache.org/surefire/maven-surefire-plugin/xsd/surefire-test-report.xsd" name="com.datastax.workshop.TodobackendSpringdataApplicationTests" time="8.788" tests="1" errors="1" skipped="0" failures="0">
  <properties>
[...]
</properties>
  <testcase name="shoud_save_task_when_save" classname="com.datastax.workshop.TodobackendSpringdataApplicationTests" time="0.001">
    <error message="Failed to load ApplicationContext" type="java.lang.IllegalStateException">java.lang.IllegalStateException: Failed to load ApplicationContext
Caused by: org.springframework.beans.factory.UnsatisfiedDependencyException: Error creating bean with name 'todoRepositorySimpleCassandra' defined in file [/Volumes/payment/workshop-spring-data-cassandra/todobackend-springdata/target/classes/com/datastax/workshop/todo/TodoRepositorySimpleCassandra.class]: Unsatisfied dependency expressed through constructor parameter 0; nested exception is org.springframework.beans.factory.BeanCreationException: Error creating bean with name 'cassandraSession' defined in class path resource [org/springframework/boot/autoconfigure/cassandra/CassandraAutoConfiguration.class]: Bean instantiation via factory method failed; nested exception is org.springframework.beans.BeanInstantiationException: Failed to instantiate [com.datastax.oss.driver.api.core.CqlSession]: Factory method 'cassandraSession' threw exception; nested exception is com.datastax.oss.driver.api.core.AllNodesFailedException: Could not reach any contact point, make sure you've provided valid addresses (showing first 3 nodes, use getAllErrors() for more): Node(endPoint=2dbac318-0292-4124-96aa-f9f609824cc7-europe-west1.db.astra.datastax.com:29042:dd02896e-3950-4246-bd2f-44a52c79370b, hostId=null, hashCode=1380177a): [com.datastax.oss.driver.api.core.auth.AuthenticationException: Authentication error on node 2dbac318-0292-4124-96aa-f9f609824cc7-europe-west1.db.astra.datastax.com:29042:dd02896e-3950-4246-bd2f-44a52c79370b: server replied with 'We recently improved your database security. To find out more and reconnect, see https://docs.datastax.com/en/astra/docs/manage-application-tokens.html' to AuthResponse request], Node(endPoint=2dbac318-0292-4124-96aa-f9f609824cc7-europe-west1.db.astra.datastax.com:29042:c0e15c8c-ffa3-4865-9141-9e6426a6c599, hostId=null, hashCode=20f70c22): [com.datastax.oss.driver.api.core.auth.AuthenticationException: Authentication error on node 2dbac318-0292-4124-96aa-f9f609824cc7-europe-west1.db.astra.datastax.com:29042:c0e15c8c-ffa3-4865-9141-9e6426a6c599: server replied with 'We recently improved your database security. To find out more and reconnect, see https://docs.datastax.com/en/astra/docs/manage-application-tokens.html' to AuthResponse request], Node(endPoint=2dbac318-0292-4124-96aa-f9f609824cc7-europe-west1.db.astra.datastax.com:29042:29470b99-9882-4d26-8bc7-ad8e9ac17e30, hostId=null, hashCode=5bb296e3): [com.datastax.oss.driver.api.core.auth.AuthenticationException: Authentication error on node 2dbac318-0292-4124-96aa-f9f609824cc7-europe-west1.db.astra.datastax.com:29042:29470b99-9882-4d26-8bc7-ad8e9ac17e30: server replied with 'We recently improved your database security. To find out more and reconnect, see https://docs.datastax.com/en/astra/docs/manage-application-tokens.html' to AuthResponse request]
Caused by: org.springframework.beans.factory.BeanCreationException: Error creating bean with name 'cassandraSession' defined in class path resource [org/springframework/boot/autoconfigure/cassandra/CassandraAutoConfiguration.class]: Bean instantiation via factory method failed; nested exception is org.springframework.beans.BeanInstantiationException: Failed to instantiate [com.datastax.oss.driver.api.core.CqlSession]: Factory method 'cassandraSession' threw exception; nested exception is com.datastax.oss.driver.api.core.AllNodesFailedException: Could not reach any contact point, make sure you've provided valid addresses (showing first 3 nodes, use getAllErrors() for more): Node(endPoint=2dbac318-0292-4124-96aa-f9f609824cc7-europe-west1.db.astra.datastax.com:29042:dd02896e-3950-4246-bd2f-44a52c79370b, hostId=null, hashCode=1380177a): [com.datastax.oss.driver.api.core.auth.AuthenticationException: Authentication error on node 2dbac318-0292-4124-96aa-f9f609824cc7-europe-west1.db.astra.datastax.com:29042:dd02896e-3950-4246-bd2f-44a52c79370b: server replied with 'We recently improved your database security. To find out more and reconnect, see https://docs.datastax.com/en/astra/docs/manage-application-tokens.html' to AuthResponse request], Node(endPoint=2dbac318-0292-4124-96aa-f9f609824cc7-europe-west1.db.astra.datastax.com:29042:c0e15c8c-ffa3-4865-9141-9e6426a6c599, hostId=null, hashCode=20f70c22): [com.datastax.oss.driver.api.core.auth.AuthenticationException: Authentication error on node 2dbac318-0292-4124-96aa-f9f609824cc7-europe-west1.db.astra.datastax.com:29042:c0e15c8c-ffa3-4865-9141-9e6426a6c599: server replied with 'We recently improved your database security. To find out more and reconnect, see https://docs.datastax.com/en/astra/docs/manage-application-tokens.html' to AuthResponse request], Node(endPoint=2dbac318-0292-4124-96aa-f9f609824cc7-europe-west1.db.astra.datastax.com:29042:29470b99-9882-4d26-8bc7-ad8e9ac17e30, hostId=null, hashCode=5bb296e3): [com.datastax.oss.driver.api.core.auth.AuthenticationException: Authentication error on node 2dbac318-0292-4124-96aa-f9f609824cc7-europe-west1.db.astra.datastax.com:29042:29470b99-9882-4d26-8bc7-ad8e9ac17e30: server replied with 'We recently improved your database security. To find out more and reconnect, see https://docs.datastax.com/en/astra/docs/manage-application-tokens.html' to AuthResponse request]
Caused by: org.springframework.beans.BeanInstantiationException: Failed to instantiate [com.datastax.oss.driver.api.core.CqlSession]: Factory method 'cassandraSession' threw exception; nested exception is com.datastax.oss.driver.api.core.AllNodesFailedException: Could not reach any contact point, make sure you've provided valid addresses (showing first 3 nodes, use getAllErrors() for more): Node(endPoint=2dbac318-0292-4124-96aa-f9f609824cc7-europe-west1.db.astra.datastax.com:29042:dd02896e-3950-4246-bd2f-44a52c79370b, hostId=null, hashCode=1380177a): [com.datastax.oss.driver.api.core.auth.AuthenticationException: Authentication error on node 2dbac318-0292-4124-96aa-f9f609824cc7-europe-west1.db.astra.datastax.com:29042:dd02896e-3950-4246-bd2f-44a52c79370b: server replied with 'We recently improved your database security. To find out more and reconnect, see https://docs.datastax.com/en/astra/docs/manage-application-tokens.html' to AuthResponse request], Node(endPoint=2dbac318-0292-4124-96aa-f9f609824cc7-europe-west1.db.astra.datastax.com:29042:c0e15c8c-ffa3-4865-9141-9e6426a6c599, hostId=null, hashCode=20f70c22): [com.datastax.oss.driver.api.core.auth.AuthenticationException: Authentication error on node 2dbac318-0292-4124-96aa-f9f609824cc7-europe-west1.db.astra.datastax.com:29042:c0e15c8c-ffa3-4865-9141-9e6426a6c599: server replied with 'We recently improved your database security. To find out more and reconnect, see https://docs.datastax.com/en/astra/docs/manage-application-tokens.html' to AuthResponse request], Node(endPoint=2dbac318-0292-4124-96aa-f9f609824cc7-europe-west1.db.astra.datastax.com:29042:29470b99-9882-4d26-8bc7-ad8e9ac17e30, hostId=null, hashCode=5bb296e3): [com.datastax.oss.driver.api.core.auth.AuthenticationException: Authentication error on node 2dbac318-0292-4124-96aa-f9f609824cc7-europe-west1.db.astra.datastax.com:29042:29470b99-9882-4d26-8bc7-ad8e9ac17e30: server replied with 'We recently improved your database security. To find out more and reconnect, see https://docs.datastax.com/en/astra/docs/manage-application-tokens.html' to AuthResponse request]
Caused by: com.datastax.oss.driver.api.core.AllNodesFailedException: Could not reach any contact point, make sure you've provided valid addresses (showing first 3 nodes, use getAllErrors() for more): Node(endPoint=2dbac318-0292-4124-96aa-f9f609824cc7-europe-west1.db.astra.datastax.com:29042:dd02896e-3950-4246-bd2f-44a52c79370b, hostId=null, hashCode=1380177a): [com.datastax.oss.driver.api.core.auth.AuthenticationException: Authentication error on node 2dbac318-0292-4124-96aa-f9f609824cc7-europe-west1.db.astra.datastax.com:29042:dd02896e-3950-4246-bd2f-44a52c79370b: server replied with 'We recently improved your database security. To find out more and reconnect, see https://docs.datastax.com/en/astra/docs/manage-application-tokens.html' to AuthResponse request], Node(endPoint=2dbac318-0292-4124-96aa-f9f609824cc7-europe-west1.db.astra.datastax.com:29042:c0e15c8c-ffa3-4865-9141-9e6426a6c599, hostId=null, hashCode=20f70c22): [com.datastax.oss.driver.api.core.auth.AuthenticationException: Authentication error on node 2dbac318-0292-4124-96aa-f9f609824cc7-europe-west1.db.astra.datastax.com:29042:c0e15c8c-ffa3-4865-9141-9e6426a6c599: server replied with 'We recently improved your database security. To find out more and reconnect, see https://docs.datastax.com/en/astra/docs/manage-application-tokens.html' to AuthResponse request], Node(endPoint=2dbac318-0292-4124-96aa-f9f609824cc7-europe-west1.db.astra.datastax.com:29042:29470b99-9882-4d26-8bc7-ad8e9ac17e30, hostId=null, hashCode=5bb296e3): [com.datastax.oss.driver.api.core.auth.AuthenticationException: Authentication error on node 2dbac318-0292-4124-96aa-f9f609824cc7-europe-west1.db.astra.datastax.com:29042:29470b99-9882-4d26-8bc7-ad8e9ac17e30: server replied with 'We recently improved your database security. To find out more and reconnect, see https://docs.datastax.com/en/astra/docs/manage-application-tokens.html' to AuthResponse request]
</error>
    <system-out><![CDATA[ ________                __      __ __           .__                   
 \______ \   _______  __/  \    /  \  | __  _____|  |__   ____ ______  
  |    |  \_/ __ \  \/ /\   \/\/   /  |/ / /  ___/  |  \ /  _ \\____ \ 
  |    `   \  ___/\   /  \        /|    <  \___ \|   Y  (  <_> )  |_> >
 /_______  /\___  >\_/    \__/\  / |__|_ \/____  >___|  /\____/|   __/ 
         \/     \/             \/       \/     \/     \/       |__|    

 Implement a todoList with Spring Data Cassandra and Spring Boot

 You are using BRANCH PART5
 The application will start at http://localhost:8080
 
00:59:10.095 &amp#27;[35mINFO &amp#27;[0;39m &amp#27;[36mcom.datastax.workshop.TodobackendSpringdataApplicationTests&amp#27;[0;39m : Starting TodobackendSpringdataApplicationTests using Java 11.0.2 on MB-20000320 with PID 31736 (started by ahmed.syam in /Volumes/payment/workshop-spring-data-cassandra/todobackend-springdata)
00:59:10.098 &amp#27;[35mINFO &amp#27;[0;39m &amp#27;[36mcom.datastax.workshop.TodobackendSpringdataApplicationTests&amp#27;[0;39m : No active profile set, falling back to default profiles: default
00:59:16.436 &amp#27;[35mWARN &amp#27;[0;39m &amp#27;[36mcom.datastax.oss.driver.internal.core.control.ControlConnection&amp#27;[0;39m : [s0] Authentication error (AuthenticationException: Authentication error on node 2dbac318-0292-4124-96aa-f9f609824cc7-europe-west1.db.astra.datastax.com:29042:dd02896e-3950-4246-bd2f-44a52c79370b: server replied with 'We recently improved your database security. To find out more and reconnect, see https://docs.datastax.com/en/astra/docs/manage-application-tokens.html' to AuthResponse request)
00:59:17.185 &amp#27;[35mWARN &amp#27;[0;39m &amp#27;[36mcom.datastax.oss.driver.internal.core.control.ControlConnection&amp#27;[0;39m : [s0] Authentication error (AuthenticationException: Authentication error on node 2dbac318-0292-4124-96aa-f9f609824cc7-europe-west1.db.astra.datastax.com:29042:c0e15c8c-ffa3-4865-9141-9e6426a6c599: server replied with 'We recently improved your database security. To find out more and reconnect, see https://docs.datastax.com/en/astra/docs/manage-application-tokens.html' to AuthResponse request)
00:59:17.977 &amp#27;[35mWARN &amp#27;[0;39m &amp#27;[36mcom.datastax.oss.driver.internal.core.control.ControlConnection&amp#27;[0;39m : [s0] Authentication error (AuthenticationException: Authentication error on node 2dbac318-0292-4124-96aa-f9f609824cc7-europe-west1.db.astra.datastax.com:29042:29470b99-9882-4d26-8bc7-ad8e9ac17e30: server replied with 'We recently improved your database security. To find out more and reconnect, see https://docs.datastax.com/en/astra/docs/manage-application-tokens.html' to AuthResponse request)
00:59:17.984 &amp#27;[35mWARN &amp#27;[0;39m &amp#27;[36mcom.datastax.oss.driver.internal.core.control.ControlConnection&amp#27;[0;39m : [s0] Authentication errors encountered on all contact points. Please check your authentication configuration.
00:59:17.985 &amp#27;[35mWARN &amp#27;[0;39m &amp#27;[36morg.springframework.web.context.support.GenericWebApplicationContext&amp#27;[0;39m : Exception encountered during context initialization - cancelling refresh attempt: org.springframework.beans.factory.UnsatisfiedDependencyException: Error creating bean with name 'todoRepositorySimpleCassandra' defined in file [/Volumes/payment/workshop-spring-data-cassandra/todobackend-springdata/target/classes/com/datastax/workshop/todo/TodoRepositorySimpleCassandra.class]: Unsatisfied dependency expressed through constructor parameter 0; nested exception is org.springframework.beans.factory.BeanCreationException: Error creating bean with name 'cassandraSession' defined in class path resource [org/springframework/boot/autoconfigure/cassandra/CassandraAutoConfiguration.class]: Bean instantiation via factory method failed; nested exception is org.springframework.beans.BeanInstantiationException: Failed to instantiate [com.datastax.oss.driver.api.core.CqlSession]: Factory method 'cassandraSession' threw exception; nested exception is com.datastax.oss.driver.api.core.AllNodesFailedException: Could not reach any contact point, make sure you've provided valid addresses (showing first 3 nodes, use getAllErrors() for more): Node(endPoint=2dbac318-0292-4124-96aa-f9f609824cc7-europe-west1.db.astra.datastax.com:29042:dd02896e-3950-4246-bd2f-44a52c79370b, hostId=null, hashCode=1380177a): [com.datastax.oss.driver.api.core.auth.AuthenticationException: Authentication error on node 2dbac318-0292-4124-96aa-f9f609824cc7-europe-west1.db.astra.datastax.com:29042:dd02896e-3950-4246-bd2f-44a52c79370b: server replied with 'We recently improved your database security. To find out more and reconnect, see https://docs.datastax.com/en/astra/docs/manage-application-tokens.html' to AuthResponse request], Node(endPoint=2dbac318-0292-4124-96aa-f9f609824cc7-europe-west1.db.astra.datastax.com:29042:c0e15c8c-ffa3-4865-9141-9e6426a6c599, hostId=null, hashCode=20f70c22): [com.datastax.oss.driver.api.core.auth.AuthenticationException: Authentication error on node 2dbac318-0292-4124-96aa-f9f609824cc7-europe-west1.db.astra.datastax.com:29042:c0e15c8c-ffa3-4865-9141-9e6426a6c599: server replied with 'We recently improved your database security. To find out more and reconnect, see https://docs.datastax.com/en/astra/docs/manage-application-tokens.html' to AuthResponse request], Node(endPoint=2dbac318-0292-4124-96aa-f9f609824cc7-europe-west1.db.astra.datastax.com:29042:29470b99-9882-4d26-8bc7-ad8e9ac17e30, hostId=null, hashCode=5bb296e3): [com.datastax.oss.driver.api.core.auth.AuthenticationException: Authentication error on node 2dbac318-0292-4124-96aa-f9f609824cc7-europe-west1.db.astra.datastax.com:29042:29470b99-9882-4d26-8bc7-ad8e9ac17e30: server replied with 'We recently improved your database security. To find out more and reconnect, see https://docs.datastax.com/en/astra/docs/manage-application-tokens.html' to AuthResponse request]
00:59:18.017 &amp#27;[35mERROR&amp#27;[0;39m &amp#27;[36morg.springframework.boot.SpringApplication   &amp#27;[0;39m : Application run failed
org.springframework.beans.factory.UnsatisfiedDependencyException: Error creating bean with name 'todoRepositorySimpleCassandra' defined in file [/Volumes/payment/workshop-spring-data-cassandra/todobackend-springdata/target/classes/com/datastax/workshop/todo/TodoRepositorySimpleCassandra.class]: Unsatisfied dependency expressed through constructor parameter 0; nested exception is org.springframework.beans.factory.BeanCreationException: Error creating bean with name 'cassandraSession' defined in class path resource [org/springframework/boot/autoconfigure/cassandra/CassandraAutoConfiguration.class]: Bean instantiation via factory method failed; nested exception is org.springframework.beans.BeanInstantiationException: Failed to instantiate [com.datastax.oss.driver.api.core.CqlSession]: Factory method 'cassandraSession' threw exception; nested exception is com.datastax.oss.driver.api.core.AllNodesFailedException: Could not reach any contact point, make sure you've provided valid addresses (showing first 3 nodes, use getAllErrors() for more): Node(endPoint=2dbac318-0292-4124-96aa-f9f609824cc7-europe-west1.db.astra.datastax.com:29042:dd02896e-3950-4246-bd2f-44a52c79370b, hostId=null, hashCode=1380177a): [com.datastax.oss.driver.api.core.auth.AuthenticationException: Authentication error on node 2dbac318-0292-4124-96aa-f9f609824cc7-europe-west1.db.astra.datastax.com:29042:dd02896e-3950-4246-bd2f-44a52c79370b: server replied with 'We recently improved your database security. To find out more and reconnect, see https://docs.datastax.com/en/astra/docs/manage-application-tokens.html' to AuthResponse request], Node(endPoint=2dbac318-0292-4124-96aa-f9f609824cc7-europe-west1.db.astra.datastax.com:29042:c0e15c8c-ffa3-4865-9141-9e6426a6c599, hostId=null, hashCode=20f70c22): [com.datastax.oss.driver.api.core.auth.AuthenticationException: Authentication error on node 2dbac318-0292-4124-96aa-f9f609824cc7-europe-west1.db.astra.datastax.com:29042:c0e15c8c-ffa3-4865-9141-9e6426a6c599: server replied with 'We recently improved your database security. To find out more and reconnect, see https://docs.datastax.com/en/astra/docs/manage-application-tokens.html' to AuthResponse request], Node(endPoint=2dbac318-0292-4124-96aa-f9f609824cc7-europe-west1.db.astra.datastax.com:29042:29470b99-9882-4d26-8bc7-ad8e9ac17e30, hostId=null, hashCode=5bb296e3): [com.datastax.oss.driver.api.core.auth.AuthenticationException: Authentication error on node 2dbac318-0292-4124-96aa-f9f609824cc7-europe-west1.db.astra.datastax.com:29042:29470b99-9882-4d26-8bc7-ad8e9ac17e30: server replied with 'We recently improved your database security. To find out more and reconnect, see https://docs.datastax.com/en/astra/docs/manage-application-tokens.html' to AuthResponse request]
	at org.springframework.beans.factory.support.ConstructorResolver.createArgumentArray(ConstructorResolver.java:800)
	at org.springframework.beans.factory.support.ConstructorResolver.autowireConstructor(ConstructorResolver.java:229)
	at org.springframework.beans.factory.support.AbstractAutowireCapableBeanFactory.autowireConstructor(AbstractAutowireCapableBeanFactory.java:1356)
	at org.springframework.beans.factory.support.AbstractAutowireCapableBeanFactory.createBeanInstance(AbstractAutowireCapableBeanFactory.java:1206)
	at org.springframework.beans.factory.support.AbstractAutowireCapableBeanFactory.doCreateBean(AbstractAutowireCapableBeanFactory.java:571)
	at org.springframework.beans.factory.support.AbstractAutowireCapableBeanFactory.createBean(AbstractAutowireCapableBeanFactory.java:531)
	at org.springframework.beans.factory.support.AbstractBeanFactory.lambda$doGetBean$0(AbstractBeanFactory.java:335)
	at org.springframework.beans.factory.support.DefaultSingletonBeanRegistry.getSingleton(DefaultSingletonBeanRegistry.java:234)
	at org.springframework.beans.factory.support.AbstractBeanFactory.doGetBean(AbstractBeanFactory.java:333)
	at org.springframework.beans.factory.support.AbstractBeanFactory.getBean(AbstractBeanFactory.java:208)
	at org.springframework.beans.factory.support.DefaultListableBeanFactory.preInstantiateSingletons(DefaultListableBeanFactory.java:944)
	at org.springframework.context.support.AbstractApplicationContext.finishBeanFactoryInitialization(AbstractApplicationContext.java:923)
	at org.springframework.context.support.AbstractApplicationContext.refresh(AbstractApplicationContext.java:588)
	at org.springframework.boot.SpringApplication.refresh(SpringApplication.java:767)
	at org.springframework.boot.SpringApplication.refresh(SpringApplication.java:759)
	at org.springframework.boot.SpringApplication.refreshContext(SpringApplication.java:426)
	at org.springframework.boot.SpringApplication.run(SpringApplication.java:326)
	at org.springframework.boot.test.context.SpringBootContextLoader.loadContext(SpringBootContextLoader.java:122)
	at org.springframework.test.context.cache.DefaultCacheAwareContextLoaderDelegate.loadContextInternal(DefaultCacheAwareContextLoaderDelegate.java:99)
	at org.springframework.test.context.cache.DefaultCacheAwareContextLoaderDelegate.loadContext(DefaultCacheAwareContextLoaderDelegate.java:124)
	at org.springframework.test.context.support.DefaultTestContext.getApplicationContext(DefaultTestContext.java:123)
	at org.springframework.test.context.web.ServletTestExecutionListener.setUpRequestContextIfNecessary(ServletTestExecutionListener.java:190)
	at org.springframework.test.context.web.ServletTestExecutionListener.prepareTestInstance(ServletTestExecutionListener.java:132)
	at org.springframework.test.context.TestContextManager.prepareTestInstance(TestContextManager.java:244)
	at org.springframework.test.context.junit.jupiter.SpringExtension.postProcessTestInstance(SpringExtension.java:137)
	at org.junit.jupiter.engine.descriptor.ClassBasedTestDescriptor.lambda$invokeTestInstancePostProcessors$6(ClassBasedTestDescriptor.java:350)
	at org.junit.jupiter.engine.descriptor.ClassBasedTestDescriptor.executeAndMaskThrowable(ClassBasedTestDescriptor.java:355)
	at org.junit.jupiter.engine.descriptor.ClassBasedTestDescriptor.lambda$invokeTestInstancePostProcessors$7(ClassBasedTestDescriptor.java:350)
	at java.base/java.util.stream.ReferencePipeline$3$1.accept(ReferencePipeline.java:195)
	at java.base/java.util.stream.ReferencePipeline$2$1.accept(ReferencePipeline.java:177)
	at java.base/java.util.ArrayList$ArrayListSpliterator.forEachRemaining(ArrayList.java:1654)
	at java.base/java.util.stream.AbstractPipeline.copyInto(AbstractPipeline.java:484)
	at java.base/java.util.stream.AbstractPipeline.wrapAndCopyInto(AbstractPipeline.java:474)
	at java.base/java.util.stream.StreamSpliterators$WrappingSpliterator.forEachRemaining(StreamSpliterators.java:312)
	at java.base/java.util.stream.Streams$ConcatSpliterator.forEachRemaining(Streams.java:735)
	at java.base/java.util.stream.Streams$ConcatSpliterator.forEachRemaining(Streams.java:734)
	at java.base/java.util.stream.ReferencePipeline$Head.forEach(ReferencePipeline.java:658)
	at org.junit.jupiter.engine.descriptor.ClassBasedTestDescriptor.invokeTestInstancePostProcessors(ClassBasedTestDescriptor.java:349)
	at org.junit.jupiter.engine.descriptor.ClassBasedTestDescriptor.lambda$instantiateAndPostProcessTestInstance$4(ClassBasedTestDescriptor.java:270)
	at org.junit.platform.engine.support.hierarchical.ThrowableCollector.execute(ThrowableCollector.java:73)
	at org.junit.jupiter.engine.descriptor.ClassBasedTestDescriptor.instantiateAndPostProcessTestInstance(ClassBasedTestDescriptor.java:269)
	at org.junit.jupiter.engine.descriptor.ClassBasedTestDescriptor.lambda$testInstancesProvider$2(ClassBasedTestDescriptor.java:259)
	at java.base/java.util.Optional.orElseGet(Optional.java:369)
	at org.junit.jupiter.engine.descriptor.ClassBasedTestDescriptor.lambda$testInstancesProvider$3(ClassBasedTestDescriptor.java:258)
	at org.junit.jupiter.engine.execution.TestInstancesProvider.getTestInstances(TestInstancesProvider.java:31)
	at org.junit.jupiter.engine.descriptor.TestMethodTestDescriptor.lambda$prepare$0(TestMethodTestDescriptor.java:101)
	at org.junit.platform.engine.support.hierarchical.ThrowableCollector.execute(ThrowableCollector.java:73)
	at org.junit.jupiter.engine.descriptor.TestMethodTestDescriptor.prepare(TestMethodTestDescriptor.java:100)
	at org.junit.jupiter.engine.descriptor.TestMethodTestDescriptor.prepare(TestMethodTestDescriptor.java:65)
	at org.junit.platform.engine.support.hierarchical.NodeTestTask.lambda$prepare$1(NodeTestTask.java:111)
	at org.junit.platform.engine.support.hierarchical.ThrowableCollector.execute(ThrowableCollector.java:73)
	at org.junit.platform.engine.support.hierarchical.NodeTestTask.prepare(NodeTestTask.java:111)
	at org.junit.platform.engine.support.hierarchical.NodeTestTask.execute(NodeTestTask.java:79)
	at java.base/java.util.ArrayList.forEach(ArrayList.java:1540)
	at org.junit.platform.engine.support.hierarchical.SameThreadHierarchicalTestExecutorService.invokeAll(SameThreadHierarchicalTestExecutorService.java:38)
	at org.junit.platform.engine.support.hierarchical.NodeTestTask.lambda$executeRecursively$5(NodeTestTask.java:143)
	at org.junit.platform.engine.support.hierarchical.ThrowableCollector.execute(ThrowableCollector.java:73)
	at org.junit.platform.engine.support.hierarchical.NodeTestTask.lambda$executeRecursively$7(NodeTestTask.java:129)
	at org.junit.platform.engine.support.hierarchical.Node.around(Node.java:137)
	at org.junit.platform.engine.support.hierarchical.NodeTestTask.lambda$executeRecursively$8(NodeTestTask.java:127)
	at org.junit.platform.engine.support.hierarchical.ThrowableCollector.execute(ThrowableCollector.java:73)
	at org.junit.platform.engine.support.hierarchical.NodeTestTask.executeRecursively(NodeTestTask.java:126)
	at org.junit.platform.engine.support.hierarchical.NodeTestTask.execute(NodeTestTask.java:84)
	at java.base/java.util.ArrayList.forEach(ArrayList.java:1540)
	at org.junit.platform.engine.support.hierarchical.SameThreadHierarchicalTestExecutorService.invokeAll(SameThreadHierarchicalTestExecutorService.java:38)
	at org.junit.platform.engine.support.hierarchical.NodeTestTask.lambda$executeRecursively$5(NodeTestTask.java:143)
	at org.junit.platform.engine.support.hierarchical.ThrowableCollector.execute(ThrowableCollector.java:73)
	at org.junit.platform.engine.support.hierarchical.NodeTestTask.lambda$executeRecursively$7(NodeTestTask.java:129)
	at org.junit.platform.engine.support.hierarchical.Node.around(Node.java:137)
	at org.junit.platform.engine.support.hierarchical.NodeTestTask.lambda$executeRecursively$8(NodeTestTask.java:127)
	at org.junit.platform.engine.support.hierarchical.ThrowableCollector.execute(ThrowableCollector.java:73)
	at org.junit.platform.engine.support.hierarchical.NodeTestTask.executeRecursively(NodeTestTask.java:126)
	at org.junit.platform.engine.support.hierarchical.NodeTestTask.execute(NodeTestTask.java:84)
	at org.junit.platform.engine.support.hierarchical.SameThreadHierarchicalTestExecutorService.submit(SameThreadHierarchicalTestExecutorService.java:32)
	at org.junit.platform.engine.support.hierarchical.HierarchicalTestExecutor.execute(HierarchicalTestExecutor.java:57)
	at org.junit.platform.engine.support.hierarchical.HierarchicalTestEngine.execute(HierarchicalTestEngine.java:51)
	at org.junit.platform.launcher.core.EngineExecutionOrchestrator.execute(EngineExecutionOrchestrator.java:108)
	at org.junit.platform.launcher.core.EngineExecutionOrchestrator.execute(EngineExecutionOrchestrator.java:88)
	at org.junit.platform.launcher.core.EngineExecutionOrchestrator.lambda$execute$0(EngineExecutionOrchestrator.java:54)
	at org.junit.platform.launcher.core.EngineExecutionOrchestrator.withInterceptedStreams(EngineExecutionOrchestrator.java:67)
	at org.junit.platform.launcher.core.EngineExecutionOrchestrator.execute(EngineExecutionOrchestrator.java:52)
	at org.junit.platform.launcher.core.DefaultLauncher.execute(DefaultLauncher.java:96)
	at org.junit.platform.launcher.core.DefaultLauncher.execute(DefaultLauncher.java:75)
	at org.apache.maven.surefire.junitplatform.JUnitPlatformProvider.invokeAllTests(JUnitPlatformProvider.java:150)
	at org.apache.maven.surefire.junitplatform.JUnitPlatformProvider.invoke(JUnitPlatformProvider.java:124)
	at org.apache.maven.surefire.booter.ForkedBooter.invokeProviderInSameClassLoader(ForkedBooter.java:384)
	at org.apache.maven.surefire.booter.ForkedBooter.runSuitesInProcess(ForkedBooter.java:345)
	at org.apache.maven.surefire.booter.ForkedBooter.execute(ForkedBooter.java:126)
	at org.apache.maven.surefire.booter.ForkedBooter.main(ForkedBooter.java:418)
Caused by: org.springframework.beans.factory.BeanCreationException: Error creating bean with name 'cassandraSession' defined in class path resource [org/springframework/boot/autoconfigure/cassandra/CassandraAutoConfiguration.class]: Bean instantiation via factory method failed; nested exception is org.springframework.beans.BeanInstantiationException: Failed to instantiate [com.datastax.oss.driver.api.core.CqlSession]: Factory method 'cassandraSession' threw exception; nested exception is com.datastax.oss.driver.api.core.AllNodesFailedException: Could not reach any contact point, make sure you've provided valid addresses (showing first 3 nodes, use getAllErrors() for more): Node(endPoint=2dbac318-0292-4124-96aa-f9f609824cc7-europe-west1.db.astra.datastax.com:29042:dd02896e-3950-4246-bd2f-44a52c79370b, hostId=null, hashCode=1380177a): [com.datastax.oss.driver.api.core.auth.AuthenticationException: Authentication error on node 2dbac318-0292-4124-96aa-f9f609824cc7-europe-west1.db.astra.datastax.com:29042:dd02896e-3950-4246-bd2f-44a52c79370b: server replied with 'We recently improved your database security. To find out more and reconnect, see https://docs.datastax.com/en/astra/docs/manage-application-tokens.html' to AuthResponse request], Node(endPoint=2dbac318-0292-4124-96aa-f9f609824cc7-europe-west1.db.astra.datastax.com:29042:c0e15c8c-ffa3-4865-9141-9e6426a6c599, hostId=null, hashCode=20f70c22): [com.datastax.oss.driver.api.core.auth.AuthenticationException: Authentication error on node 2dbac318-0292-4124-96aa-f9f609824cc7-europe-west1.db.astra.datastax.com:29042:c0e15c8c-ffa3-4865-9141-9e6426a6c599: server replied with 'We recently improved your database security. To find out more and reconnect, see https://docs.datastax.com/en/astra/docs/manage-application-tokens.html' to AuthResponse request], Node(endPoint=2dbac318-0292-4124-96aa-f9f609824cc7-europe-west1.db.astra.datastax.com:29042:29470b99-9882-4d26-8bc7-ad8e9ac17e30, hostId=null, hashCode=5bb296e3): [com.datastax.oss.driver.api.core.auth.AuthenticationException: Authentication error on node 2dbac318-0292-4124-96aa-f9f609824cc7-europe-west1.db.astra.datastax.com:29042:29470b99-9882-4d26-8bc7-ad8e9ac17e30: server replied with 'We recently improved your database security. To find out more and reconnect, see https://docs.datastax.com/en/astra/docs/manage-application-tokens.html' to AuthResponse request]
	at org.springframework.beans.factory.support.ConstructorResolver.instantiate(ConstructorResolver.java:658)
	at org.springframework.beans.factory.support.ConstructorResolver.instantiateUsingFactoryMethod(ConstructorResolver.java:638)
	at org.springframework.beans.factory.support.AbstractAutowireCapableBeanFactory.instantiateUsingFactoryMethod(AbstractAutowireCapableBeanFactory.java:1336)
	at org.springframework.beans.factory.support.AbstractAutowireCapableBeanFactory.createBeanInstance(AbstractAutowireCapableBeanFactory.java:1179)
	at org.springframework.beans.factory.support.AbstractAutowireCapableBeanFactory.doCreateBean(AbstractAutowireCapableBeanFactory.java:571)
	at org.springframework.beans.factory.support.AbstractAutowireCapableBeanFactory.createBean(AbstractAutowireCapableBeanFactory.java:531)
	at org.springframework.beans.factory.support.AbstractBeanFactory.lambda$doGetBean$0(AbstractBeanFactory.java:335)
	at org.springframework.beans.factory.support.DefaultSingletonBeanRegistry.getSingleton(DefaultSingletonBeanRegistry.java:234)
	at org.springframework.beans.factory.support.AbstractBeanFactory.doGetBean(AbstractBeanFactory.java:333)
	at org.springframework.beans.factory.support.AbstractBeanFactory.getBean(AbstractBeanFactory.java:208)
	at org.springframework.beans.factory.config.DependencyDescriptor.resolveCandidate(DependencyDescriptor.java:276)
	at org.springframework.beans.factory.support.DefaultListableBeanFactory.doResolveDependency(DefaultListableBeanFactory.java:1367)
	at org.springframework.beans.factory.support.DefaultListableBeanFactory.resolveDependency(DefaultListableBeanFactory.java:1287)
	at org.springframework.beans.factory.support.ConstructorResolver.resolveAutowiredArgument(ConstructorResolver.java:887)
	at org.springframework.beans.factory.support.ConstructorResolver.createArgumentArray(ConstructorResolver.java:791)
	... 88 common frames omitted
Caused by: org.springframework.beans.BeanInstantiationException: Failed to instantiate [com.datastax.oss.driver.api.core.CqlSession]: Factory method 'cassandraSession' threw exception; nested exception is com.datastax.oss.driver.api.core.AllNodesFailedException: Could not reach any contact point, make sure you've provided valid addresses (showing first 3 nodes, use getAllErrors() for more): Node(endPoint=2dbac318-0292-4124-96aa-f9f609824cc7-europe-west1.db.astra.datastax.com:29042:dd02896e-3950-4246-bd2f-44a52c79370b, hostId=null, hashCode=1380177a): [com.datastax.oss.driver.api.core.auth.AuthenticationException: Authentication error on node 2dbac318-0292-4124-96aa-f9f609824cc7-europe-west1.db.astra.datastax.com:29042:dd02896e-3950-4246-bd2f-44a52c79370b: server replied with 'We recently improved your database security. To find out more and reconnect, see https://docs.datastax.com/en/astra/docs/manage-application-tokens.html' to AuthResponse request], Node(endPoint=2dbac318-0292-4124-96aa-f9f609824cc7-europe-west1.db.astra.datastax.com:29042:c0e15c8c-ffa3-4865-9141-9e6426a6c599, hostId=null, hashCode=20f70c22): [com.datastax.oss.driver.api.core.auth.AuthenticationException: Authentication error on node 2dbac318-0292-4124-96aa-f9f609824cc7-europe-west1.db.astra.datastax.com:29042:c0e15c8c-ffa3-4865-9141-9e6426a6c599: server replied with 'We recently improved your database security. To find out more and reconnect, see https://docs.datastax.com/en/astra/docs/manage-application-tokens.html' to AuthResponse request], Node(endPoint=2dbac318-0292-4124-96aa-f9f609824cc7-europe-west1.db.astra.datastax.com:29042:29470b99-9882-4d26-8bc7-ad8e9ac17e30, hostId=null, hashCode=5bb296e3): [com.datastax.oss.driver.api.core.auth.AuthenticationException: Authentication error on node 2dbac318-0292-4124-96aa-f9f609824cc7-europe-west1.db.astra.datastax.com:29042:29470b99-9882-4d26-8bc7-ad8e9ac17e30: server replied with 'We recently improved your database security. To find out more and reconnect, see https://docs.datastax.com/en/astra/docs/manage-application-tokens.html' to AuthResponse request]
	at org.springframework.beans.factory.support.SimpleInstantiationStrategy.instantiate(SimpleInstantiationStrategy.java:185)
	at org.springframework.beans.factory.support.ConstructorResolver.instantiate(ConstructorResolver.java:653)
	... 102 common frames omitted
Caused by: com.datastax.oss.driver.api.core.AllNodesFailedException: Could not reach any contact point, make sure you've provided valid addresses (showing first 3 nodes, use getAllErrors() for more): Node(endPoint=2dbac318-0292-4124-96aa-f9f609824cc7-europe-west1.db.astra.datastax.com:29042:dd02896e-3950-4246-bd2f-44a52c79370b, hostId=null, hashCode=1380177a): [com.datastax.oss.driver.api.core.auth.AuthenticationException: Authentication error on node 2dbac318-0292-4124-96aa-f9f609824cc7-europe-west1.db.astra.datastax.com:29042:dd02896e-3950-4246-bd2f-44a52c79370b: server replied with 'We recently improved your database security. To find out more and reconnect, see https://docs.datastax.com/en/astra/docs/manage-application-tokens.html' to AuthResponse request], Node(endPoint=2dbac318-0292-4124-96aa-f9f609824cc7-europe-west1.db.astra.datastax.com:29042:c0e15c8c-ffa3-4865-9141-9e6426a6c599, hostId=null, hashCode=20f70c22): [com.datastax.oss.driver.api.core.auth.AuthenticationException: Authentication error on node 2dbac318-0292-4124-96aa-f9f609824cc7-europe-west1.db.astra.datastax.com:29042:c0e15c8c-ffa3-4865-9141-9e6426a6c599: server replied with 'We recently improved your database security. To find out more and reconnect, see https://docs.datastax.com/en/astra/docs/manage-application-tokens.html' to AuthResponse request], Node(endPoint=2dbac318-0292-4124-96aa-f9f609824cc7-europe-west1.db.astra.datastax.com:29042:29470b99-9882-4d26-8bc7-ad8e9ac17e30, hostId=null, hashCode=5bb296e3): [com.datastax.oss.driver.api.core.auth.AuthenticationException: Authentication error on node 2dbac318-0292-4124-96aa-f9f609824cc7-europe-west1.db.astra.datastax.com:29042:29470b99-9882-4d26-8bc7-ad8e9ac17e30: server replied with 'We recently improved your database security. To find out more and reconnect, see https://docs.datastax.com/en/astra/docs/manage-application-tokens.html' to AuthResponse request]
	at com.datastax.oss.driver.api.core.AllNodesFailedException.copy(AllNodesFailedException.java:141)
	at com.datastax.oss.driver.internal.core.util.concurrent.CompletableFutures.getUninterruptibly(CompletableFutures.java:149)
	at com.datastax.oss.driver.api.core.session.SessionBuilder.build(SessionBuilder.java:697)
	at org.springframework.boot.autoconfigure.cassandra.CassandraAutoConfiguration.cassandraSession(CassandraAutoConfiguration.java:74)
	at java.base/jdk.internal.reflect.NativeMethodAccessorImpl.invoke0(Native Method)
	at java.base/jdk.internal.reflect.NativeMethodAccessorImpl.invoke(NativeMethodAccessorImpl.java:62)
	at java.base/jdk.internal.reflect.DelegatingMethodAccessorImpl.invoke(DelegatingMethodAccessorImpl.java:43)
	at java.base/java.lang.reflect.Method.invoke(Method.java:566)
	at org.springframework.beans.factory.support.SimpleInstantiationStrategy.instantiate(SimpleInstantiationStrategy.java:154)
	... 103 common frames omitted
	Suppressed: com.datastax.oss.driver.api.core.auth.AuthenticationException: Authentication error on node 2dbac318-0292-4124-96aa-f9f609824cc7-europe-west1.db.astra.datastax.com:29042:dd02896e-3950-4246-bd2f-44a52c79370b: server replied with 'We recently improved your database security. To find out more and reconnect, see https://docs.datastax.com/en/astra/docs/manage-application-tokens.html' to AuthResponse request
		at com.datastax.oss.driver.internal.core.channel.ProtocolInitHandler$InitRequest.onResponse(ProtocolInitHandler.java:286)
		at com.datastax.oss.driver.internal.core.channel.ChannelHandlerRequest.onResponse(ChannelHandlerRequest.java:94)
		at com.datastax.oss.driver.internal.core.channel.InFlightHandler.channelRead(InFlightHandler.java:257)
		at io.netty.channel.AbstractChannelHandlerContext.invokeChannelRead(AbstractChannelHandlerContext.java:379)
		at io.netty.channel.AbstractChannelHandlerContext.invokeChannelRead(AbstractChannelHandlerContext.java:365)
		at io.netty.channel.AbstractChannelHandlerContext.fireChannelRead(AbstractChannelHandlerContext.java:357)
		at io.netty.handler.codec.ByteToMessageDecoder.fireChannelRead(ByteToMessageDecoder.java:324)
		at io.netty.handler.codec.ByteToMessageDecoder.channelRead(ByteToMessageDecoder.java:296)
		at io.netty.channel.AbstractChannelHandlerContext.invokeChannelRead(AbstractChannelHandlerContext.java:379)
		at io.netty.channel.AbstractChannelHandlerContext.invokeChannelRead(AbstractChannelHandlerContext.java:365)
		at io.netty.channel.AbstractChannelHandlerContext.fireChannelRead(AbstractChannelHandlerContext.java:357)
		at io.netty.handler.ssl.SslHandler.unwrap(SslHandler.java:1533)
		at io.netty.handler.ssl.SslHandler.decodeJdkCompatible(SslHandler.java:1282)
		at io.netty.handler.ssl.SslHandler.decode(SslHandler.java:1329)
		at io.netty.handler.codec.ByteToMessageDecoder.decodeRemovalReentryProtection(ByteToMessageDecoder.java:508)
		at io.netty.handler.codec.ByteToMessageDecoder.callDecode(ByteToMessageDecoder.java:447)
		at io.netty.handler.codec.ByteToMessageDecoder.channelRead(ByteToMessageDecoder.java:276)
		at io.netty.channel.AbstractChannelHandlerContext.invokeChannelRead(AbstractChannelHandlerContext.java:379)
		at io.netty.channel.AbstractChannelHandlerContext.invokeChannelRead(AbstractChannelHandlerContext.java:365)
		at io.netty.channel.AbstractChannelHandlerContext.fireChannelRead(AbstractChannelHandlerContext.java:357)
		at io.netty.channel.DefaultChannelPipeline$HeadContext.channelRead(DefaultChannelPipeline.java:1410)
		at io.netty.channel.AbstractChannelHandlerContext.invokeChannelRead(AbstractChannelHandlerContext.java:379)
		at io.netty.channel.AbstractChannelHandlerContext.invokeChannelRead(AbstractChannelHandlerContext.java:365)
		at io.netty.channel.DefaultChannelPipeline.fireChannelRead(DefaultChannelPipeline.java:919)
		at io.netty.channel.nio.AbstractNioByteChannel$NioByteUnsafe.read(AbstractNioByteChannel.java:166)
		at io.netty.channel.nio.NioEventLoop.processSelectedKey(NioEventLoop.java:719)
		at io.netty.channel.nio.NioEventLoop.processSelectedKeysOptimized(NioEventLoop.java:655)
		at io.netty.channel.nio.NioEventLoop.processSelectedKeys(NioEventLoop.java:581)
		at io.netty.channel.nio.NioEventLoop.run(NioEventLoop.java:493)
		at io.netty.util.concurrent.SingleThreadEventExecutor$4.run(SingleThreadEventExecutor.java:989)
		at io.netty.util.internal.ThreadExecutorMap$2.run(ThreadExecutorMap.java:74)
		at io.netty.util.concurrent.FastThreadLocalRunnable.run(FastThreadLocalRunnable.java:30)
		at java.base/java.lang.Thread.run(Thread.java:834)
	Suppressed: com.datastax.oss.driver.api.core.auth.AuthenticationException: Authentication error on node 2dbac318-0292-4124-96aa-f9f609824cc7-europe-west1.db.astra.datastax.com:29042:c0e15c8c-ffa3-4865-9141-9e6426a6c599: server replied with 'We recently improved your database security. To find out more and reconnect, see https://docs.datastax.com/en/astra/docs/manage-application-tokens.html' to AuthResponse request
		at com.datastax.oss.driver.internal.core.channel.ProtocolInitHandler$InitRequest.onResponse(ProtocolInitHandler.java:286)
		at com.datastax.oss.driver.internal.core.channel.ChannelHandlerRequest.onResponse(ChannelHandlerRequest.java:94)
		at com.datastax.oss.driver.internal.core.channel.InFlightHandler.channelRead(InFlightHandler.java:257)
		at io.netty.channel.AbstractChannelHandlerContext.invokeChannelRead(AbstractChannelHandlerContext.java:379)
		at io.netty.channel.AbstractChannelHandlerContext.invokeChannelRead(AbstractChannelHandlerContext.java:365)
		at io.netty.channel.AbstractChannelHandlerContext.fireChannelRead(AbstractChannelHandlerContext.java:357)
		at io.netty.handler.codec.ByteToMessageDecoder.fireChannelRead(ByteToMessageDecoder.java:324)
		at io.netty.handler.codec.ByteToMessageDecoder.channelRead(ByteToMessageDecoder.java:296)
		at io.netty.channel.AbstractChannelHandlerContext.invokeChannelRead(AbstractChannelHandlerContext.java:379)
		at io.netty.channel.AbstractChannelHandlerContext.invokeChannelRead(AbstractChannelHandlerContext.java:365)
		at io.netty.channel.AbstractChannelHandlerContext.fireChannelRead(AbstractChannelHandlerContext.java:357)
		at io.netty.handler.ssl.SslHandler.unwrap(SslHandler.java:1533)
		at io.netty.handler.ssl.SslHandler.decodeJdkCompatible(SslHandler.java:1282)
		at io.netty.handler.ssl.SslHandler.decode(SslHandler.java:1329)
		at io.netty.handler.codec.ByteToMessageDecoder.decodeRemovalReentryProtection(ByteToMessageDecoder.java:508)
		at io.netty.handler.codec.ByteToMessageDecoder.callDecode(ByteToMessageDecoder.java:447)
		at io.netty.handler.codec.ByteToMessageDecoder.channelRead(ByteToMessageDecoder.java:276)
		at io.netty.channel.AbstractChannelHandlerContext.invokeChannelRead(AbstractChannelHandlerContext.java:379)
		at io.netty.channel.AbstractChannelHandlerContext.invokeChannelRead(AbstractChannelHandlerContext.java:365)
		at io.netty.channel.AbstractChannelHandlerContext.fireChannelRead(AbstractChannelHandlerContext.java:357)
		at io.netty.channel.DefaultChannelPipeline$HeadContext.channelRead(DefaultChannelPipeline.java:1410)
		at io.netty.channel.AbstractChannelHandlerContext.invokeChannelRead(AbstractChannelHandlerContext.java:379)
		at io.netty.channel.AbstractChannelHandlerContext.invokeChannelRead(AbstractChannelHandlerContext.java:365)
		at io.netty.channel.DefaultChannelPipeline.fireChannelRead(DefaultChannelPipeline.java:919)
		at io.netty.channel.nio.AbstractNioByteChannel$NioByteUnsafe.read(AbstractNioByteChannel.java:166)
		at io.netty.channel.nio.NioEventLoop.processSelectedKey(NioEventLoop.java:719)
		at io.netty.channel.nio.NioEventLoop.processSelectedKeysOptimized(NioEventLoop.java:655)
		at io.netty.channel.nio.NioEventLoop.processSelectedKeys(NioEventLoop.java:581)
		at io.netty.channel.nio.NioEventLoop.run(NioEventLoop.java:493)
		at io.netty.util.concurrent.SingleThreadEventExecutor$4.run(SingleThreadEventExecutor.java:989)
		at io.netty.util.internal.ThreadExecutorMap$2.run(ThreadExecutorMap.java:74)
		at io.netty.util.concurrent.FastThreadLocalRunnable.run(FastThreadLocalRunnable.java:30)
		at java.base/java.lang.Thread.run(Thread.java:834)
	Suppressed: com.datastax.oss.driver.api.core.auth.AuthenticationException: Authentication error on node 2dbac318-0292-4124-96aa-f9f609824cc7-europe-west1.db.astra.datastax.com:29042:29470b99-9882-4d26-8bc7-ad8e9ac17e30: server replied with 'We recently improved your database security. To find out more and reconnect, see https://docs.datastax.com/en/astra/docs/manage-application-tokens.html' to AuthResponse request
		at com.datastax.oss.driver.internal.core.channel.ProtocolInitHandler$InitRequest.onResponse(ProtocolInitHandler.java:286)
		at com.datastax.oss.driver.internal.core.channel.ChannelHandlerRequest.onResponse(ChannelHandlerRequest.java:94)
		at com.datastax.oss.driver.internal.core.channel.InFlightHandler.channelRead(InFlightHandler.java:257)
		at io.netty.channel.AbstractChannelHandlerContext.invokeChannelRead(AbstractChannelHandlerContext.java:379)
		at io.netty.channel.AbstractChannelHandlerContext.invokeChannelRead(AbstractChannelHandlerContext.java:365)
		at io.netty.channel.AbstractChannelHandlerContext.fireChannelRead(AbstractChannelHandlerContext.java:357)
		at io.netty.handler.codec.ByteToMessageDecoder.fireChannelRead(ByteToMessageDecoder.java:324)
		at io.netty.handler.codec.ByteToMessageDecoder.channelRead(ByteToMessageDecoder.java:296)
		at io.netty.channel.AbstractChannelHandlerContext.invokeChannelRead(AbstractChannelHandlerContext.java:379)
		at io.netty.channel.AbstractChannelHandlerContext.invokeChannelRead(AbstractChannelHandlerContext.java:365)
		at io.netty.channel.AbstractChannelHandlerContext.fireChannelRead(AbstractChannelHandlerContext.java:357)
		at io.netty.handler.ssl.SslHandler.unwrap(SslHandler.java:1533)
		at io.netty.handler.ssl.SslHandler.decodeJdkCompatible(SslHandler.java:1282)
		at io.netty.handler.ssl.SslHandler.decode(SslHandler.java:1329)
		at io.netty.handler.codec.ByteToMessageDecoder.decodeRemovalReentryProtection(ByteToMessageDecoder.java:508)
		at io.netty.handler.codec.ByteToMessageDecoder.callDecode(ByteToMessageDecoder.java:447)
		at io.netty.handler.codec.ByteToMessageDecoder.channelRead(ByteToMessageDecoder.java:276)
		at io.netty.channel.AbstractChannelHandlerContext.invokeChannelRead(AbstractChannelHandlerContext.java:379)
		at io.netty.channel.AbstractChannelHandlerContext.invokeChannelRead(AbstractChannelHandlerContext.java:365)
		at io.netty.channel.AbstractChannelHandlerContext.fireChannelRead(AbstractChannelHandlerContext.java:357)
		at io.netty.channel.DefaultChannelPipeline$HeadContext.channelRead(DefaultChannelPipeline.java:1410)
		at io.netty.channel.AbstractChannelHandlerContext.invokeChannelRead(AbstractChannelHandlerContext.java:379)
		at io.netty.channel.AbstractChannelHandlerContext.invokeChannelRead(AbstractChannelHandlerContext.java:365)
		at io.netty.channel.DefaultChannelPipeline.fireChannelRead(DefaultChannelPipeline.java:919)
		at io.netty.channel.nio.AbstractNioByteChannel$NioByteUnsafe.read(AbstractNioByteChannel.java:166)
		at io.netty.channel.nio.NioEventLoop.processSelectedKey(NioEventLoop.java:719)
		at io.netty.channel.nio.NioEventLoop.processSelectedKeysOptimized(NioEventLoop.java:655)
		at io.netty.channel.nio.NioEventLoop.processSelectedKeys(NioEventLoop.java:581)
		at io.netty.channel.nio.NioEventLoop.run(NioEventLoop.java:493)
		at io.netty.util.concurrent.SingleThreadEventExecutor$4.run(SingleThreadEventExecutor.java:989)
		at io.netty.util.internal.ThreadExecutorMap$2.run(ThreadExecutorMap.java:74)
		at io.netty.util.concurrent.FastThreadLocalRunnable.run(FastThreadLocalRunnable.java:30)
		at java.base/java.lang.Thread.run(Thread.java:834)
00:59:18.020 &amp#27;[35mERROR&amp#27;[0;39m &amp#27;[36morg.springframework.test.context.TestContextManager&amp#27;[0;39m : Caught exception while allowing TestExecutionListener [org.springframework.test.context.web.ServletTestExecutionListener@6ae42248] to prepare test instance [com.datastax.workshop.TodobackendSpringdataApplicationTests@40c28b0d]
java.lang.IllegalStateException: Failed to load ApplicationContext
	at org.springframework.test.context.cache.DefaultCacheAwareContextLoaderDelegate.loadContext(DefaultCacheAwareContextLoaderDelegate.java:132)
	at org.springframework.test.context.support.DefaultTestContext.getApplicationContext(DefaultTestContext.java:123)
	at org.springframework.test.context.web.ServletTestExecutionListener.setUpRequestContextIfNecessary(ServletTestExecutionListener.java:190)
	at org.springframework.test.context.web.ServletTestExecutionListener.prepareTestInstance(ServletTestExecutionListener.java:132)
	at org.springframework.test.context.TestContextManager.prepareTestInstance(TestContextManager.java:244)
	at org.springframework.test.context.junit.jupiter.SpringExtension.postProcessTestInstance(SpringExtension.java:137)
	at org.junit.jupiter.engine.descriptor.ClassBasedTestDescriptor.lambda$invokeTestInstancePostProcessors$6(ClassBasedTestDescriptor.java:350)
	at org.junit.jupiter.engine.descriptor.ClassBasedTestDescriptor.executeAndMaskThrowable(ClassBasedTestDescriptor.java:355)
	at org.junit.jupiter.engine.descriptor.ClassBasedTestDescriptor.lambda$invokeTestInstancePostProcessors$7(ClassBasedTestDescriptor.java:350)
	at java.base/java.util.stream.ReferencePipeline$3$1.accept(ReferencePipeline.java:195)
	at java.base/java.util.stream.ReferencePipeline$2$1.accept(ReferencePipeline.java:177)
	at java.base/java.util.ArrayList$ArrayListSpliterator.forEachRemaining(ArrayList.java:1654)
	at java.base/java.util.stream.AbstractPipeline.copyInto(AbstractPipeline.java:484)
	at java.base/java.util.stream.AbstractPipeline.wrapAndCopyInto(AbstractPipeline.java:474)
	at java.base/java.util.stream.StreamSpliterators$WrappingSpliterator.forEachRemaining(StreamSpliterators.java:312)
	at java.base/java.util.stream.Streams$ConcatSpliterator.forEachRemaining(Streams.java:735)
	at java.base/java.util.stream.Streams$ConcatSpliterator.forEachRemaining(Streams.java:734)
	at java.base/java.util.stream.ReferencePipeline$Head.forEach(ReferencePipeline.java:658)
	at org.junit.jupiter.engine.descriptor.ClassBasedTestDescriptor.invokeTestInstancePostProcessors(ClassBasedTestDescriptor.java:349)
	at org.junit.jupiter.engine.descriptor.ClassBasedTestDescriptor.lambda$instantiateAndPostProcessTestInstance$4(ClassBasedTestDescriptor.java:270)
	at org.junit.platform.engine.support.hierarchical.ThrowableCollector.execute(ThrowableCollector.java:73)
	at org.junit.jupiter.engine.descriptor.ClassBasedTestDescriptor.instantiateAndPostProcessTestInstance(ClassBasedTestDescriptor.java:269)
	at org.junit.jupiter.engine.descriptor.ClassBasedTestDescriptor.lambda$testInstancesProvider$2(ClassBasedTestDescriptor.java:259)
	at java.base/java.util.Optional.orElseGet(Optional.java:369)
	at org.junit.jupiter.engine.descriptor.ClassBasedTestDescriptor.lambda$testInstancesProvider$3(ClassBasedTestDescriptor.java:258)
	at org.junit.jupiter.engine.execution.TestInstancesProvider.getTestInstances(TestInstancesProvider.java:31)
	at org.junit.jupiter.engine.descriptor.TestMethodTestDescriptor.lambda$prepare$0(TestMethodTestDescriptor.java:101)
	at org.junit.platform.engine.support.hierarchical.ThrowableCollector.execute(ThrowableCollector.java:73)
	at org.junit.jupiter.engine.descriptor.TestMethodTestDescriptor.prepare(TestMethodTestDescriptor.java:100)
	at org.junit.jupiter.engine.descriptor.TestMethodTestDescriptor.prepare(TestMethodTestDescriptor.java:65)
	at org.junit.platform.engine.support.hierarchical.NodeTestTask.lambda$prepare$1(NodeTestTask.java:111)
	at org.junit.platform.engine.support.hierarchical.ThrowableCollector.execute(ThrowableCollector.java:73)
	at org.junit.platform.engine.support.hierarchical.NodeTestTask.prepare(NodeTestTask.java:111)
	at org.junit.platform.engine.support.hierarchical.NodeTestTask.execute(NodeTestTask.java:79)
	at java.base/java.util.ArrayList.forEach(ArrayList.java:1540)
	at org.junit.platform.engine.support.hierarchical.SameThreadHierarchicalTestExecutorService.invokeAll(SameThreadHierarchicalTestExecutorService.java:38)
	at org.junit.platform.engine.support.hierarchical.NodeTestTask.lambda$executeRecursively$5(NodeTestTask.java:143)
	at org.junit.platform.engine.support.hierarchical.ThrowableCollector.execute(ThrowableCollector.java:73)
	at org.junit.platform.engine.support.hierarchical.NodeTestTask.lambda$executeRecursively$7(NodeTestTask.java:129)
	at org.junit.platform.engine.support.hierarchical.Node.around(Node.java:137)
	at org.junit.platform.engine.support.hierarchical.NodeTestTask.lambda$executeRecursively$8(NodeTestTask.java:127)
	at org.junit.platform.engine.support.hierarchical.ThrowableCollector.execute(ThrowableCollector.java:73)
	at org.junit.platform.engine.support.hierarchical.NodeTestTask.executeRecursively(NodeTestTask.java:126)
	at org.junit.platform.engine.support.hierarchical.NodeTestTask.execute(NodeTestTask.java:84)
	at java.base/java.util.ArrayList.forEach(ArrayList.java:1540)
	at org.junit.platform.engine.support.hierarchical.SameThreadHierarchicalTestExecutorService.invokeAll(SameThreadHierarchicalTestExecutorService.java:38)
	at org.junit.platform.engine.support.hierarchical.NodeTestTask.lambda$executeRecursively$5(NodeTestTask.java:143)
	at org.junit.platform.engine.support.hierarchical.ThrowableCollector.execute(ThrowableCollector.java:73)
	at org.junit.platform.engine.support.hierarchical.NodeTestTask.lambda$executeRecursively$7(NodeTestTask.java:129)
	at org.junit.platform.engine.support.hierarchical.Node.around(Node.java:137)
	at org.junit.platform.engine.support.hierarchical.NodeTestTask.lambda$executeRecursively$8(NodeTestTask.java:127)
	at org.junit.platform.engine.support.hierarchical.ThrowableCollector.execute(ThrowableCollector.java:73)
	at org.junit.platform.engine.support.hierarchical.NodeTestTask.executeRecursively(NodeTestTask.java:126)
	at org.junit.platform.engine.support.hierarchical.NodeTestTask.execute(NodeTestTask.java:84)
	at org.junit.platform.engine.support.hierarchical.SameThreadHierarchicalTestExecutorService.submit(SameThreadHierarchicalTestExecutorService.java:32)
	at org.junit.platform.engine.support.hierarchical.HierarchicalTestExecutor.execute(HierarchicalTestExecutor.java:57)
	at org.junit.platform.engine.support.hierarchical.HierarchicalTestEngine.execute(HierarchicalTestEngine.java:51)
	at org.junit.platform.launcher.core.EngineExecutionOrchestrator.execute(EngineExecutionOrchestrator.java:108)
	at org.junit.platform.launcher.core.EngineExecutionOrchestrator.execute(EngineExecutionOrchestrator.java:88)
	at org.junit.platform.launcher.core.EngineExecutionOrchestrator.lambda$execute$0(EngineExecutionOrchestrator.java:54)
	at org.junit.platform.launcher.core.EngineExecutionOrchestrator.withInterceptedStreams(EngineExecutionOrchestrator.java:67)
	at org.junit.platform.launcher.core.EngineExecutionOrchestrator.execute(EngineExecutionOrchestrator.java:52)
	at org.junit.platform.launcher.core.DefaultLauncher.execute(DefaultLauncher.java:96)
	at org.junit.platform.launcher.core.DefaultLauncher.execute(DefaultLauncher.java:75)
	at org.apache.maven.surefire.junitplatform.JUnitPlatformProvider.invokeAllTests(JUnitPlatformProvider.java:150)
	at org.apache.maven.surefire.junitplatform.JUnitPlatformProvider.invoke(JUnitPlatformProvider.java:124)
	at org.apache.maven.surefire.booter.ForkedBooter.invokeProviderInSameClassLoader(ForkedBooter.java:384)
	at org.apache.maven.surefire.booter.ForkedBooter.runSuitesInProcess(ForkedBooter.java:345)
	at org.apache.maven.surefire.booter.ForkedBooter.execute(ForkedBooter.java:126)
	at org.apache.maven.surefire.booter.ForkedBooter.main(ForkedBooter.java:418)
Caused by: org.springframework.beans.factory.UnsatisfiedDependencyException: Error creating bean with name 'todoRepositorySimpleCassandra' defined in file [/Volumes/payment/workshop-spring-data-cassandra/todobackend-springdata/target/classes/com/datastax/workshop/todo/TodoRepositorySimpleCassandra.class]: Unsatisfied dependency expressed through constructor parameter 0; nested exception is org.springframework.beans.factory.BeanCreationException: Error creating bean with name 'cassandraSession' defined in class path resource [org/springframework/boot/autoconfigure/cassandra/CassandraAutoConfiguration.class]: Bean instantiation via factory method failed; nested exception is org.springframework.beans.BeanInstantiationException: Failed to instantiate [com.datastax.oss.driver.api.core.CqlSession]: Factory method 'cassandraSession' threw exception; nested exception is com.datastax.oss.driver.api.core.AllNodesFailedException: Could not reach any contact point, make sure you've provided valid addresses (showing first 3 nodes, use getAllErrors() for more): Node(endPoint=2dbac318-0292-4124-96aa-f9f609824cc7-europe-west1.db.astra.datastax.com:29042:dd02896e-3950-4246-bd2f-44a52c79370b, hostId=null, hashCode=1380177a): [com.datastax.oss.driver.api.core.auth.AuthenticationException: Authentication error on node 2dbac318-0292-4124-96aa-f9f609824cc7-europe-west1.db.astra.datastax.com:29042:dd02896e-3950-4246-bd2f-44a52c79370b: server replied with 'We recently improved your database security. To find out more and reconnect, see https://docs.datastax.com/en/astra/docs/manage-application-tokens.html' to AuthResponse request], Node(endPoint=2dbac318-0292-4124-96aa-f9f609824cc7-europe-west1.db.astra.datastax.com:29042:c0e15c8c-ffa3-4865-9141-9e6426a6c599, hostId=null, hashCode=20f70c22): [com.datastax.oss.driver.api.core.auth.AuthenticationException: Authentication error on node 2dbac318-0292-4124-96aa-f9f609824cc7-europe-west1.db.astra.datastax.com:29042:c0e15c8c-ffa3-4865-9141-9e6426a6c599: server replied with 'We recently improved your database security. To find out more and reconnect, see https://docs.datastax.com/en/astra/docs/manage-application-tokens.html' to AuthResponse request], Node(endPoint=2dbac318-0292-4124-96aa-f9f609824cc7-europe-west1.db.astra.datastax.com:29042:29470b99-9882-4d26-8bc7-ad8e9ac17e30, hostId=null, hashCode=5bb296e3): [com.datastax.oss.driver.api.core.auth.AuthenticationException: Authentication error on node 2dbac318-0292-4124-96aa-f9f609824cc7-europe-west1.db.astra.datastax.com:29042:29470b99-9882-4d26-8bc7-ad8e9ac17e30: server replied with 'We recently improved your database security. To find out more and reconnect, see https://docs.datastax.com/en/astra/docs/manage-application-tokens.html' to AuthResponse request]
	at org.springframework.beans.factory.support.ConstructorResolver.createArgumentArray(ConstructorResolver.java:800)
	at org.springframework.beans.factory.support.ConstructorResolver.autowireConstructor(ConstructorResolver.java:229)
	at org.springframework.beans.factory.support.AbstractAutowireCapableBeanFactory.autowireConstructor(AbstractAutowireCapableBeanFactory.java:1356)
	at org.springframework.beans.factory.support.AbstractAutowireCapableBeanFactory.createBeanInstance(AbstractAutowireCapableBeanFactory.java:1206)
	at org.springframework.beans.factory.support.AbstractAutowireCapableBeanFactory.doCreateBean(AbstractAutowireCapableBeanFactory.java:571)
	at org.springframework.beans.factory.support.AbstractAutowireCapableBeanFactory.createBean(AbstractAutowireCapableBeanFactory.java:531)
	at org.springframework.beans.factory.support.AbstractBeanFactory.lambda$doGetBean$0(AbstractBeanFactory.java:335)
	at org.springframework.beans.factory.support.DefaultSingletonBeanRegistry.getSingleton(DefaultSingletonBeanRegistry.java:234)
	at org.springframework.beans.factory.support.AbstractBeanFactory.doGetBean(AbstractBeanFactory.java:333)
	at org.springframework.beans.factory.support.AbstractBeanFactory.getBean(AbstractBeanFactory.java:208)
	at org.springframework.beans.factory.support.DefaultListableBeanFactory.preInstantiateSingletons(DefaultListableBeanFactory.java:944)
	at org.springframework.context.support.AbstractApplicationContext.finishBeanFactoryInitialization(AbstractApplicationContext.java:923)
	at org.springframework.context.support.AbstractApplicationContext.refresh(AbstractApplicationContext.java:588)
	at org.springframework.boot.SpringApplication.refresh(SpringApplication.java:767)
	at org.springframework.boot.SpringApplication.refresh(SpringApplication.java:759)
	at org.springframework.boot.SpringApplication.refreshContext(SpringApplication.java:426)
	at org.springframework.boot.SpringApplication.run(SpringApplication.java:326)
	at org.springframework.boot.test.context.SpringBootContextLoader.loadContext(SpringBootContextLoader.java:122)
	at org.springframework.test.context.cache.DefaultCacheAwareContextLoaderDelegate.loadContextInternal(DefaultCacheAwareContextLoaderDelegate.java:99)
	at org.springframework.test.context.cache.DefaultCacheAwareContextLoaderDelegate.loadContext(DefaultCacheAwareContextLoaderDelegate.java:124)
	... 69 common frames omitted
Caused by: org.springframework.beans.factory.BeanCreationException: Error creating bean with name 'cassandraSession' defined in class path resource [org/springframework/boot/autoconfigure/cassandra/CassandraAutoConfiguration.class]: Bean instantiation via factory method failed; nested exception is org.springframework.beans.BeanInstantiationException: Failed to instantiate [com.datastax.oss.driver.api.core.CqlSession]: Factory method 'cassandraSession' threw exception; nested exception is com.datastax.oss.driver.api.core.AllNodesFailedException: Could not reach any contact point, make sure you've provided valid addresses (showing first 3 nodes, use getAllErrors() for more): Node(endPoint=2dbac318-0292-4124-96aa-f9f609824cc7-europe-west1.db.astra.datastax.com:29042:dd02896e-3950-4246-bd2f-44a52c79370b, hostId=null, hashCode=1380177a): [com.datastax.oss.driver.api.core.auth.AuthenticationException: Authentication error on node 2dbac318-0292-4124-96aa-f9f609824cc7-europe-west1.db.astra.datastax.com:29042:dd02896e-3950-4246-bd2f-44a52c79370b: server replied with 'We recently improved your database security. To find out more and reconnect, see https://docs.datastax.com/en/astra/docs/manage-application-tokens.html' to AuthResponse request], Node(endPoint=2dbac318-0292-4124-96aa-f9f609824cc7-europe-west1.db.astra.datastax.com:29042:c0e15c8c-ffa3-4865-9141-9e6426a6c599, hostId=null, hashCode=20f70c22): [com.datastax.oss.driver.api.core.auth.AuthenticationException: Authentication error on node 2dbac318-0292-4124-96aa-f9f609824cc7-europe-west1.db.astra.datastax.com:29042:c0e15c8c-ffa3-4865-9141-9e6426a6c599: server replied with 'We recently improved your database security. To find out more and reconnect, see https://docs.datastax.com/en/astra/docs/manage-application-tokens.html' to AuthResponse request], Node(endPoint=2dbac318-0292-4124-96aa-f9f609824cc7-europe-west1.db.astra.datastax.com:29042:29470b99-9882-4d26-8bc7-ad8e9ac17e30, hostId=null, hashCode=5bb296e3): [com.datastax.oss.driver.api.core.auth.AuthenticationException: Authentication error on node 2dbac318-0292-4124-96aa-f9f609824cc7-europe-west1.db.astra.datastax.com:29042:29470b99-9882-4d26-8bc7-ad8e9ac17e30: server replied with 'We recently improved your database security. To find out more and reconnect, see https://docs.datastax.com/en/astra/docs/manage-application-tokens.html' to AuthResponse request]
	at org.springframework.beans.factory.support.ConstructorResolver.instantiate(ConstructorResolver.java:658)
	at org.springframework.beans.factory.support.ConstructorResolver.instantiateUsingFactoryMethod(ConstructorResolver.java:638)
	at org.springframework.beans.factory.support.AbstractAutowireCapableBeanFactory.instantiateUsingFactoryMethod(AbstractAutowireCapableBeanFactory.java:1336)
	at org.springframework.beans.factory.support.AbstractAutowireCapableBeanFactory.createBeanInstance(AbstractAutowireCapableBeanFactory.java:1179)
	at org.springframework.beans.factory.support.AbstractAutowireCapableBeanFactory.doCreateBean(AbstractAutowireCapableBeanFactory.java:571)
	at org.springframework.beans.factory.support.AbstractAutowireCapableBeanFactory.createBean(AbstractAutowireCapableBeanFactory.java:531)
	at org.springframework.beans.factory.support.AbstractBeanFactory.lambda$doGetBean$0(AbstractBeanFactory.java:335)
	at org.springframework.beans.factory.support.DefaultSingletonBeanRegistry.getSingleton(DefaultSingletonBeanRegistry.java:234)
	at org.springframework.beans.factory.support.AbstractBeanFactory.doGetBean(AbstractBeanFactory.java:333)
	at org.springframework.beans.factory.support.AbstractBeanFactory.getBean(AbstractBeanFactory.java:208)
	at org.springframework.beans.factory.config.DependencyDescriptor.resolveCandidate(DependencyDescriptor.java:276)
	at org.springframework.beans.factory.support.DefaultListableBeanFactory.doResolveDependency(DefaultListableBeanFactory.java:1367)
	at org.springframework.beans.factory.support.DefaultListableBeanFactory.resolveDependency(DefaultListableBeanFactory.java:1287)
	at org.springframework.beans.factory.support.ConstructorResolver.resolveAutowiredArgument(ConstructorResolver.java:887)
	at org.springframework.beans.factory.support.ConstructorResolver.createArgumentArray(ConstructorResolver.java:791)
	... 88 common frames omitted
Caused by: org.springframework.beans.BeanInstantiationException: Failed to instantiate [com.datastax.oss.driver.api.core.CqlSession]: Factory method 'cassandraSession' threw exception; nested exception is com.datastax.oss.driver.api.core.AllNodesFailedException: Could not reach any contact point, make sure you've provided valid addresses (showing first 3 nodes, use getAllErrors() for more): Node(endPoint=2dbac318-0292-4124-96aa-f9f609824cc7-europe-west1.db.astra.datastax.com:29042:dd02896e-3950-4246-bd2f-44a52c79370b, hostId=null, hashCode=1380177a): [com.datastax.oss.driver.api.core.auth.AuthenticationException: Authentication error on node 2dbac318-0292-4124-96aa-f9f609824cc7-europe-west1.db.astra.datastax.com:29042:dd02896e-3950-4246-bd2f-44a52c79370b: server replied with 'We recently improved your database security. To find out more and reconnect, see https://docs.datastax.com/en/astra/docs/manage-application-tokens.html' to AuthResponse request], Node(endPoint=2dbac318-0292-4124-96aa-f9f609824cc7-europe-west1.db.astra.datastax.com:29042:c0e15c8c-ffa3-4865-9141-9e6426a6c599, hostId=null, hashCode=20f70c22): [com.datastax.oss.driver.api.core.auth.AuthenticationException: Authentication error on node 2dbac318-0292-4124-96aa-f9f609824cc7-europe-west1.db.astra.datastax.com:29042:c0e15c8c-ffa3-4865-9141-9e6426a6c599: server replied with 'We recently improved your database security. To find out more and reconnect, see https://docs.datastax.com/en/astra/docs/manage-application-tokens.html' to AuthResponse request], Node(endPoint=2dbac318-0292-4124-96aa-f9f609824cc7-europe-west1.db.astra.datastax.com:29042:29470b99-9882-4d26-8bc7-ad8e9ac17e30, hostId=null, hashCode=5bb296e3): [com.datastax.oss.driver.api.core.auth.AuthenticationException: Authentication error on node 2dbac318-0292-4124-96aa-f9f609824cc7-europe-west1.db.astra.datastax.com:29042:29470b99-9882-4d26-8bc7-ad8e9ac17e30: server replied with 'We recently improved your database security. To find out more and reconnect, see https://docs.datastax.com/en/astra/docs/manage-application-tokens.html' to AuthResponse request]
	at org.springframework.beans.factory.support.SimpleInstantiationStrategy.instantiate(SimpleInstantiationStrategy.java:185)
	at org.springframework.beans.factory.support.ConstructorResolver.instantiate(ConstructorResolver.java:653)
	... 102 common frames omitted
Caused by: com.datastax.oss.driver.api.core.AllNodesFailedException: Could not reach any contact point, make sure you've provided valid addresses (showing first 3 nodes, use getAllErrors() for more): Node(endPoint=2dbac318-0292-4124-96aa-f9f609824cc7-europe-west1.db.astra.datastax.com:29042:dd02896e-3950-4246-bd2f-44a52c79370b, hostId=null, hashCode=1380177a): [com.datastax.oss.driver.api.core.auth.AuthenticationException: Authentication error on node 2dbac318-0292-4124-96aa-f9f609824cc7-europe-west1.db.astra.datastax.com:29042:dd02896e-3950-4246-bd2f-44a52c79370b: server replied with 'We recently improved your database security. To find out more and reconnect, see https://docs.datastax.com/en/astra/docs/manage-application-tokens.html' to AuthResponse request], Node(endPoint=2dbac318-0292-4124-96aa-f9f609824cc7-europe-west1.db.astra.datastax.com:29042:c0e15c8c-ffa3-4865-9141-9e6426a6c599, hostId=null, hashCode=20f70c22): [com.datastax.oss.driver.api.core.auth.AuthenticationException: Authentication error on node 2dbac318-0292-4124-96aa-f9f609824cc7-europe-west1.db.astra.datastax.com:29042:c0e15c8c-ffa3-4865-9141-9e6426a6c599: server replied with 'We recently improved your database security. To find out more and reconnect, see https://docs.datastax.com/en/astra/docs/manage-application-tokens.html' to AuthResponse request], Node(endPoint=2dbac318-0292-4124-96aa-f9f609824cc7-europe-west1.db.astra.datastax.com:29042:29470b99-9882-4d26-8bc7-ad8e9ac17e30, hostId=null, hashCode=5bb296e3): [com.datastax.oss.driver.api.core.auth.AuthenticationException: Authentication error on node 2dbac318-0292-4124-96aa-f9f609824cc7-europe-west1.db.astra.datastax.com:29042:29470b99-9882-4d26-8bc7-ad8e9ac17e30: server replied with 'We recently improved your database security. To find out more and reconnect, see https://docs.datastax.com/en/astra/docs/manage-application-tokens.html' to AuthResponse request]
	at com.datastax.oss.driver.api.core.AllNodesFailedException.copy(AllNodesFailedException.java:141)
	at com.datastax.oss.driver.internal.core.util.concurrent.CompletableFutures.getUninterruptibly(CompletableFutures.java:149)
	at com.datastax.oss.driver.api.core.session.SessionBuilder.build(SessionBuilder.java:697)
	at org.springframework.boot.autoconfigure.cassandra.CassandraAutoConfiguration.cassandraSession(CassandraAutoConfiguration.java:74)
	at java.base/jdk.internal.reflect.NativeMethodAccessorImpl.invoke0(Native Method)
	at java.base/jdk.internal.reflect.NativeMethodAccessorImpl.invoke(NativeMethodAccessorImpl.java:62)
	at java.base/jdk.internal.reflect.DelegatingMethodAccessorImpl.invoke(DelegatingMethodAccessorImpl.java:43)
	at java.base/java.lang.reflect.Method.invoke(Method.java:566)
	at org.springframework.beans.factory.support.SimpleInstantiationStrategy.instantiate(SimpleInstantiationStrategy.java:154)
	... 103 common frames omitted
	Suppressed: com.datastax.oss.driver.api.core.auth.AuthenticationException: Authentication error on node 2dbac318-0292-4124-96aa-f9f609824cc7-europe-west1.db.astra.datastax.com:29042:dd02896e-3950-4246-bd2f-44a52c79370b: server replied with 'We recently improved your database security. To find out more and reconnect, see https://docs.datastax.com/en/astra/docs/manage-application-tokens.html' to AuthResponse request
		at com.datastax.oss.driver.internal.core.channel.ProtocolInitHandler$InitRequest.onResponse(ProtocolInitHandler.java:286)
		at com.datastax.oss.driver.internal.core.channel.ChannelHandlerRequest.onResponse(ChannelHandlerRequest.java:94)
		at com.datastax.oss.driver.internal.core.channel.InFlightHandler.channelRead(InFlightHandler.java:257)
		at io.netty.channel.AbstractChannelHandlerContext.invokeChannelRead(AbstractChannelHandlerContext.java:379)
		at io.netty.channel.AbstractChannelHandlerContext.invokeChannelRead(AbstractChannelHandlerContext.java:365)
		at io.netty.channel.AbstractChannelHandlerContext.fireChannelRead(AbstractChannelHandlerContext.java:357)
		at io.netty.handler.codec.ByteToMessageDecoder.fireChannelRead(ByteToMessageDecoder.java:324)
		at io.netty.handler.codec.ByteToMessageDecoder.channelRead(ByteToMessageDecoder.java:296)
		at io.netty.channel.AbstractChannelHandlerContext.invokeChannelRead(AbstractChannelHandlerContext.java:379)
		at io.netty.channel.AbstractChannelHandlerContext.invokeChannelRead(AbstractChannelHandlerContext.java:365)
		at io.netty.channel.AbstractChannelHandlerContext.fireChannelRead(AbstractChannelHandlerContext.java:357)
		at io.netty.handler.ssl.SslHandler.unwrap(SslHandler.java:1533)
		at io.netty.handler.ssl.SslHandler.decodeJdkCompatible(SslHandler.java:1282)
		at io.netty.handler.ssl.SslHandler.decode(SslHandler.java:1329)
		at io.netty.handler.codec.ByteToMessageDecoder.decodeRemovalReentryProtection(ByteToMessageDecoder.java:508)
		at io.netty.handler.codec.ByteToMessageDecoder.callDecode(ByteToMessageDecoder.java:447)
		at io.netty.handler.codec.ByteToMessageDecoder.channelRead(ByteToMessageDecoder.java:276)
		at io.netty.channel.AbstractChannelHandlerContext.invokeChannelRead(AbstractChannelHandlerContext.java:379)
		at io.netty.channel.AbstractChannelHandlerContext.invokeChannelRead(AbstractChannelHandlerContext.java:365)
		at io.netty.channel.AbstractChannelHandlerContext.fireChannelRead(AbstractChannelHandlerContext.java:357)
		at io.netty.channel.DefaultChannelPipeline$HeadContext.channelRead(DefaultChannelPipeline.java:1410)
		at io.netty.channel.AbstractChannelHandlerContext.invokeChannelRead(AbstractChannelHandlerContext.java:379)
		at io.netty.channel.AbstractChannelHandlerContext.invokeChannelRead(AbstractChannelHandlerContext.java:365)
		at io.netty.channel.DefaultChannelPipeline.fireChannelRead(DefaultChannelPipeline.java:919)
		at io.netty.channel.nio.AbstractNioByteChannel$NioByteUnsafe.read(AbstractNioByteChannel.java:166)
		at io.netty.channel.nio.NioEventLoop.processSelectedKey(NioEventLoop.java:719)
		at io.netty.channel.nio.NioEventLoop.processSelectedKeysOptimized(NioEventLoop.java:655)
		at io.netty.channel.nio.NioEventLoop.processSelectedKeys(NioEventLoop.java:581)
		at io.netty.channel.nio.NioEventLoop.run(NioEventLoop.java:493)
		at io.netty.util.concurrent.SingleThreadEventExecutor$4.run(SingleThreadEventExecutor.java:989)
		at io.netty.util.internal.ThreadExecutorMap$2.run(ThreadExecutorMap.java:74)
		at io.netty.util.concurrent.FastThreadLocalRunnable.run(FastThreadLocalRunnable.java:30)
		at java.base/java.lang.Thread.run(Thread.java:834)
	Suppressed: com.datastax.oss.driver.api.core.auth.AuthenticationException: Authentication error on node 2dbac318-0292-4124-96aa-f9f609824cc7-europe-west1.db.astra.datastax.com:29042:c0e15c8c-ffa3-4865-9141-9e6426a6c599: server replied with 'We recently improved your database security. To find out more and reconnect, see https://docs.datastax.com/en/astra/docs/manage-application-tokens.html' to AuthResponse request
		at com.datastax.oss.driver.internal.core.channel.ProtocolInitHandler$InitRequest.onResponse(ProtocolInitHandler.java:286)
		at com.datastax.oss.driver.internal.core.channel.ChannelHandlerRequest.onResponse(ChannelHandlerRequest.java:94)
		at com.datastax.oss.driver.internal.core.channel.InFlightHandler.channelRead(InFlightHandler.java:257)
		at io.netty.channel.AbstractChannelHandlerContext.invokeChannelRead(AbstractChannelHandlerContext.java:379)
		at io.netty.channel.AbstractChannelHandlerContext.invokeChannelRead(AbstractChannelHandlerContext.java:365)
		at io.netty.channel.AbstractChannelHandlerContext.fireChannelRead(AbstractChannelHandlerContext.java:357)
		at io.netty.handler.codec.ByteToMessageDecoder.fireChannelRead(ByteToMessageDecoder.java:324)
		at io.netty.handler.codec.ByteToMessageDecoder.channelRead(ByteToMessageDecoder.java:296)
		at io.netty.channel.AbstractChannelHandlerContext.invokeChannelRead(AbstractChannelHandlerContext.java:379)
		at io.netty.channel.AbstractChannelHandlerContext.invokeChannelRead(AbstractChannelHandlerContext.java:365)
		at io.netty.channel.AbstractChannelHandlerContext.fireChannelRead(AbstractChannelHandlerContext.java:357)
		at io.netty.handler.ssl.SslHandler.unwrap(SslHandler.java:1533)
		at io.netty.handler.ssl.SslHandler.decodeJdkCompatible(SslHandler.java:1282)
		at io.netty.handler.ssl.SslHandler.decode(SslHandler.java:1329)
		at io.netty.handler.codec.ByteToMessageDecoder.decodeRemovalReentryProtection(ByteToMessageDecoder.java:508)
		at io.netty.handler.codec.ByteToMessageDecoder.callDecode(ByteToMessageDecoder.java:447)
		at io.netty.handler.codec.ByteToMessageDecoder.channelRead(ByteToMessageDecoder.java:276)
		at io.netty.channel.AbstractChannelHandlerContext.invokeChannelRead(AbstractChannelHandlerContext.java:379)
		at io.netty.channel.AbstractChannelHandlerContext.invokeChannelRead(AbstractChannelHandlerContext.java:365)
		at io.netty.channel.AbstractChannelHandlerContext.fireChannelRead(AbstractChannelHandlerContext.java:357)
		at io.netty.channel.DefaultChannelPipeline$HeadContext.channelRead(DefaultChannelPipeline.java:1410)
		at io.netty.channel.AbstractChannelHandlerContext.invokeChannelRead(AbstractChannelHandlerContext.java:379)
		at io.netty.channel.AbstractChannelHandlerContext.invokeChannelRead(AbstractChannelHandlerContext.java:365)
		at io.netty.channel.DefaultChannelPipeline.fireChannelRead(DefaultChannelPipeline.java:919)
		at io.netty.channel.nio.AbstractNioByteChannel$NioByteUnsafe.read(AbstractNioByteChannel.java:166)
		at io.netty.channel.nio.NioEventLoop.processSelectedKey(NioEventLoop.java:719)
		at io.netty.channel.nio.NioEventLoop.processSelectedKeysOptimized(NioEventLoop.java:655)
		at io.netty.channel.nio.NioEventLoop.processSelectedKeys(NioEventLoop.java:581)
		at io.netty.channel.nio.NioEventLoop.run(NioEventLoop.java:493)
		at io.netty.util.concurrent.SingleThreadEventExecutor$4.run(SingleThreadEventExecutor.java:989)
		at io.netty.util.internal.ThreadExecutorMap$2.run(ThreadExecutorMap.java:74)
		at io.netty.util.concurrent.FastThreadLocalRunnable.run(FastThreadLocalRunnable.java:30)
		at java.base/java.lang.Thread.run(Thread.java:834)
	Suppressed: com.datastax.oss.driver.api.core.auth.AuthenticationException: Authentication error on node 2dbac318-0292-4124-96aa-f9f609824cc7-europe-west1.db.astra.datastax.com:29042:29470b99-9882-4d26-8bc7-ad8e9ac17e30: server replied with 'We recently improved your database security. To find out more and reconnect, see https://docs.datastax.com/en/astra/docs/manage-application-tokens.html' to AuthResponse request
		at com.datastax.oss.driver.internal.core.channel.ProtocolInitHandler$InitRequest.onResponse(ProtocolInitHandler.java:286)
		at com.datastax.oss.driver.internal.core.channel.ChannelHandlerRequest.onResponse(ChannelHandlerRequest.java:94)
		at com.datastax.oss.driver.internal.core.channel.InFlightHandler.channelRead(InFlightHandler.java:257)
		at io.netty.channel.AbstractChannelHandlerContext.invokeChannelRead(AbstractChannelHandlerContext.java:379)
		at io.netty.channel.AbstractChannelHandlerContext.invokeChannelRead(AbstractChannelHandlerContext.java:365)
		at io.netty.channel.AbstractChannelHandlerContext.fireChannelRead(AbstractChannelHandlerContext.java:357)
		at io.netty.handler.codec.ByteToMessageDecoder.fireChannelRead(ByteToMessageDecoder.java:324)
		at io.netty.handler.codec.ByteToMessageDecoder.channelRead(ByteToMessageDecoder.java:296)
		at io.netty.channel.AbstractChannelHandlerContext.invokeChannelRead(AbstractChannelHandlerContext.java:379)
		at io.netty.channel.AbstractChannelHandlerContext.invokeChannelRead(AbstractChannelHandlerContext.java:365)
		at io.netty.channel.AbstractChannelHandlerContext.fireChannelRead(AbstractChannelHandlerContext.java:357)
		at io.netty.handler.ssl.SslHandler.unwrap(SslHandler.java:1533)
		at io.netty.handler.ssl.SslHandler.decodeJdkCompatible(SslHandler.java:1282)
		at io.netty.handler.ssl.SslHandler.decode(SslHandler.java:1329)
		at io.netty.handler.codec.ByteToMessageDecoder.decodeRemovalReentryProtection(ByteToMessageDecoder.java:508)
		at io.netty.handler.codec.ByteToMessageDecoder.callDecode(ByteToMessageDecoder.java:447)
		at io.netty.handler.codec.ByteToMessageDecoder.channelRead(ByteToMessageDecoder.java:276)
		at io.netty.channel.AbstractChannelHandlerContext.invokeChannelRead(AbstractChannelHandlerContext.java:379)
		at io.netty.channel.AbstractChannelHandlerContext.invokeChannelRead(AbstractChannelHandlerContext.java:365)
		at io.netty.channel.AbstractChannelHandlerContext.fireChannelRead(AbstractChannelHandlerContext.java:357)
		at io.netty.channel.DefaultChannelPipeline$HeadContext.channelRead(DefaultChannelPipeline.java:1410)
		at io.netty.channel.AbstractChannelHandlerContext.invokeChannelRead(AbstractChannelHandlerContext.java:379)
		at io.netty.channel.AbstractChannelHandlerContext.invokeChannelRead(AbstractChannelHandlerContext.java:365)
		at io.netty.channel.DefaultChannelPipeline.fireChannelRead(DefaultChannelPipeline.java:919)
		at io.netty.channel.nio.AbstractNioByteChannel$NioByteUnsafe.read(AbstractNioByteChannel.java:166)
		at io.netty.channel.nio.NioEventLoop.processSelectedKey(NioEventLoop.java:719)
		at io.netty.channel.nio.NioEventLoop.processSelectedKeysOptimized(NioEventLoop.java:655)
		at io.netty.channel.nio.NioEventLoop.processSelectedKeys(NioEventLoop.java:581)
		at io.netty.channel.nio.NioEventLoop.run(NioEventLoop.java:493)
		at io.netty.util.concurrent.SingleThreadEventExecutor$4.run(SingleThreadEventExecutor.java:989)
		at io.netty.util.internal.ThreadExecutorMap$2.run(ThreadExecutorMap.java:74)
		at io.netty.util.concurrent.FastThreadLocalRunnable.run(FastThreadLocalRunnable.java:30)
		at java.base/java.lang.Thread.run(Thread.java:834)
]]></system-out>
  </testcase>
</testsuite>